                      :-) GROMACS - gmx mdrun, 2019.4 (-:

                            GROMACS is written by:
     Emile Apol      Rossen Apostolov      Paul Bauer     Herman J.C. Berendsen
    Par Bjelkmar      Christian Blau   Viacheslav Bolnykh     Kevin Boyd    
 Aldert van Buuren   Rudi van Drunen     Anton Feenstra       Alan Gray     
  Gerrit Groenhof     Anca Hamuraru    Vincent Hindriksen  M. Eric Irrgang  
  Aleksei Iupinov   Christoph Junghans     Joe Jordan     Dimitrios Karkoulis
    Peter Kasson        Jiri Kraus      Carsten Kutzner      Per Larsson    
  Justin A. Lemkul    Viveca Lindahl    Magnus Lundborg     Erik Marklund   
    Pascal Merz     Pieter Meulenhoff    Teemu Murtola       Szilard Pall   
    Sander Pronk      Roland Schulz      Michael Shirts    Alexey Shvetsov  
   Alfons Sijbers     Peter Tieleman      Jon Vincent      Teemu Virolainen 
 Christian Wennberg    Maarten Wolf   
                           and the project leaders:
        Mark Abraham, Berk Hess, Erik Lindahl, and David van der Spoel

Copyright (c) 1991-2000, University of Groningen, The Netherlands.
Copyright (c) 2001-2018, The GROMACS development team at
Uppsala University, Stockholm University and
the Royal Institute of Technology, Sweden.
check out http://www.gromacs.org for more information.

GROMACS is free software; you can redistribute it and/or modify it
under the terms of the GNU Lesser General Public License
as published by the Free Software Foundation; either version 2.1
of the License, or (at your option) any later version.

GROMACS:      gmx mdrun, version 2019.4
Executable:   /home/amuralidhar4/software/spack/opt/spack/linux-centos7-haswell/gcc-4.8.5/gromacs-2019.4-bdq3dyrj7nxzitpmlhxzkzslafkgpklq/bin/gmx_mpi
Data prefix:  /home/amuralidhar4/software/spack/opt/spack/linux-centos7-haswell/gcc-4.8.5/gromacs-2019.4-bdq3dyrj7nxzitpmlhxzkzslafkgpklq
Working dir:  /home/amuralidhar4/gromacs/Tutorial_tests/TI/FE/topol12
Process ID:   26508
Command line:
  gmx_mpi mdrun -deffnm topol -multidir topol8 topol9 topol10 topol11 topol12 topol13 topol14 topol15 -ntomp 1 -nsteps 100000 -v

GROMACS version:    2019.4
Precision:          single
Memory model:       64 bit
MPI library:        MPI
OpenMP support:     enabled (GMX_OPENMP_MAX_THREADS = 64)
GPU support:        CUDA
SIMD instructions:  AVX2_256
FFT library:        fftw-3.3.8-sse2-avx-avx2-avx2_128
RDTSCP usage:       enabled
TNG support:        enabled
Hwloc support:      hwloc-1.11.11
Tracing support:    disabled
C compiler:         /home/amuralidhar4/software/spack/lib/spack/env/gcc/gcc GNU 4.8.5
C compiler flags:    -mavx2 -mfma -pthread    -O2 -g -DNDEBUG -funroll-all-loops -fexcess-precision=fast  
C++ compiler:       /home/amuralidhar4/software/spack/lib/spack/env/gcc/g++ GNU 4.8.5
C++ compiler flags:  -mavx2 -mfma -pthread   -std=c++11   -O2 -g -DNDEBUG -funroll-all-loops -fexcess-precision=fast  
CUDA compiler:      /usr/local/cuda-10.0/bin/nvcc nvcc: NVIDIA (R) Cuda compiler driver;Copyright (c) 2005-2018 NVIDIA Corporation;Built on Sat_Aug_25_21:08:01_CDT_2018;Cuda compilation tools, release 10.0, V10.0.130
CUDA compiler flags:-gencode;arch=compute_30,code=sm_30;-gencode;arch=compute_35,code=sm_35;-gencode;arch=compute_37,code=sm_37;-gencode;arch=compute_50,code=sm_50;-gencode;arch=compute_52,code=sm_52;-gencode;arch=compute_60,code=sm_60;-gencode;arch=compute_61,code=sm_61;-gencode;arch=compute_70,code=sm_70;-gencode;arch=compute_75,code=compute_75;-use_fast_math;;; ;-mavx2;-mfma;-pthread;-std=c++11;-O2;-g;-DNDEBUG;-funroll-all-loops;-fexcess-precision=fast;
CUDA driver:        10.10
CUDA runtime:       10.0


Running on 1 node with total 4 cores, 8 logical cores, 1 compatible GPU
Hardware detected on host compute-0-0.local (the node of MPI rank 4):
  CPU info:
    Vendor: Intel
    Brand:  Intel(R) Core(TM) i7-7700 CPU @ 3.60GHz
    Family: 6   Model: 158   Stepping: 9
    Features: aes apic avx avx2 clfsh cmov cx8 cx16 f16c fma hle htt intel lahf mmx msr nonstop_tsc pcid pclmuldq pdcm pdpe1gb popcnt pse rdrnd rdtscp rtm sse2 sse3 sse4.1 sse4.2 ssse3 tdt x2apic
  Hardware topology: Full, with devices
    Sockets, cores, and logical processors:
      Socket  0: [   0   4] [   1   5] [   2   6] [   3   7]
    Numa nodes:
      Node  0 (16740868096 bytes mem):   0   1   2   3   4   5   6   7
      Latency:
               0
         0  1.00
    Caches:
      L1: 32768 bytes, linesize 64 bytes, assoc. 8, shared 2 ways
      L2: 262144 bytes, linesize 64 bytes, assoc. 4, shared 2 ways
      L3: 8388608 bytes, linesize 64 bytes, assoc. 16, shared 8 ways
    PCI devices:
      0000:03:00.0  Id: 10de:1b06  Class: 0x0300  Numa: 0
      0000:04:00.0  Id: 10de:1b06  Class: 0x0300  Numa: 0
      0000:05:00.0  Id: 10de:1b06  Class: 0x0300  Numa: 0
      0000:06:00.0  Id: 10de:1b06  Class: 0x0300  Numa: 0
      0000:00:02.0  Id: 8086:5912  Class: 0x0300  Numa: 0
      0000:00:17.0  Id: 8086:a282  Class: 0x0106  Numa: 0
      0000:09:00.0  Id: 8086:1533  Class: 0x0200  Numa: 0
      0000:00:1f.6  Id: 8086:15b8  Class: 0x0200  Numa: 0
  GPU info:
    Number of GPUs detected: 1
    #0: NVIDIA GeForce GTX 1080 Ti, compute cap.: 6.1, ECC:  no, stat: compatible


++++ PLEASE READ AND CITE THE FOLLOWING REFERENCE ++++
M. J. Abraham, T. Murtola, R. Schulz, S. Páll, J. C. Smith, B. Hess, E.
Lindahl
GROMACS: High performance molecular simulations through multi-level
parallelism from laptops to supercomputers
SoftwareX 1 (2015) pp. 19-25
-------- -------- --- Thank You --- -------- --------


++++ PLEASE READ AND CITE THE FOLLOWING REFERENCE ++++
S. Páll, M. J. Abraham, C. Kutzner, B. Hess, E. Lindahl
Tackling Exascale Software Challenges in Molecular Dynamics Simulations with
GROMACS
In S. Markidis & E. Laure (Eds.), Solving Software Challenges for Exascale 8759 (2015) pp. 3-27
-------- -------- --- Thank You --- -------- --------


++++ PLEASE READ AND CITE THE FOLLOWING REFERENCE ++++
S. Pronk, S. Páll, R. Schulz, P. Larsson, P. Bjelkmar, R. Apostolov, M. R.
Shirts, J. C. Smith, P. M. Kasson, D. van der Spoel, B. Hess, and E. Lindahl
GROMACS 4.5: a high-throughput and highly parallel open source molecular
simulation toolkit
Bioinformatics 29 (2013) pp. 845-54
-------- -------- --- Thank You --- -------- --------


++++ PLEASE READ AND CITE THE FOLLOWING REFERENCE ++++
B. Hess and C. Kutzner and D. van der Spoel and E. Lindahl
GROMACS 4: Algorithms for highly efficient, load-balanced, and scalable
molecular simulation
J. Chem. Theory Comput. 4 (2008) pp. 435-447
-------- -------- --- Thank You --- -------- --------


++++ PLEASE READ AND CITE THE FOLLOWING REFERENCE ++++
D. van der Spoel, E. Lindahl, B. Hess, G. Groenhof, A. E. Mark and H. J. C.
Berendsen
GROMACS: Fast, Flexible and Free
J. Comp. Chem. 26 (2005) pp. 1701-1719
-------- -------- --- Thank You --- -------- --------


++++ PLEASE READ AND CITE THE FOLLOWING REFERENCE ++++
E. Lindahl and B. Hess and D. van der Spoel
GROMACS 3.0: A package for molecular simulation and trajectory analysis
J. Mol. Mod. 7 (2001) pp. 306-317
-------- -------- --- Thank You --- -------- --------


++++ PLEASE READ AND CITE THE FOLLOWING REFERENCE ++++
H. J. C. Berendsen, D. van der Spoel and R. van Drunen
GROMACS: A message-passing parallel molecular dynamics implementation
Comp. Phys. Comm. 91 (1995) pp. 43-56
-------- -------- --- Thank You --- -------- --------


++++ PLEASE CITE THE DOI FOR THIS VERSION OF GROMACS ++++
https://doi.org/10.5281/zenodo.3460414
-------- -------- --- Thank You --- -------- --------

Input Parameters:
   integrator                     = sd
   tinit                          = 0
   dt                             = 0.002
   nsteps                         = 3000000
   init-step                      = 0
   simulation-part                = 1
   comm-mode                      = Linear
   nstcomm                        = 100
   bd-fric                        = 0
   ld-seed                        = 670751032
   emtol                          = 10
   emstep                         = 0.01
   niter                          = 20
   fcstep                         = 0
   nstcgsteep                     = 1000
   nbfgscorr                      = 10
   rtpi                           = 0.05
   nstxout                        = 0
   nstvout                        = 0
   nstfout                        = 0
   nstlog                         = 1000
   nstcalcenergy                  = 100
   nstenergy                      = 100
   nstxout-compressed             = 0
   compressed-x-precision         = 1000
   cutoff-scheme                  = Verlet
   nstlist                        = 10
   ns-type                        = Grid
   pbc                            = xyz
   periodic-molecules             = false
   verlet-buffer-tolerance        = 0.005
   rlist                          = 0.932
   coulombtype                    = PME-Switch
   coulomb-modifier               = Potential-shift
   rcoulomb-switch                = 0.88
   rcoulomb                       = 0.9
   epsilon-r                      = 1
   epsilon-rf                     = inf
   vdw-type                       = Cut-off
   vdw-modifier                   = Potential-switch
   rvdw-switch                    = 0.85
   rvdw                           = 0.9
   DispCorr                       = EnerPres
   table-extension                = 1
   fourierspacing                 = 0.12
   fourier-nx                     = 20
   fourier-ny                     = 20
   fourier-nz                     = 20
   pme-order                      = 4
   ewald-rtol                     = 0.0001
   ewald-rtol-lj                  = 0.001
   lj-pme-comb-rule               = Geometric
   ewald-geometry                 = 0
   epsilon-surface                = 0
   tcoupl                         = No
   nsttcouple                     = -1
   nh-chain-length                = 0
   print-nose-hoover-chain-variables = false
   pcoupl                         = Parrinello-Rahman
   pcoupltype                     = Isotropic
   nstpcouple                     = 10
   tau-p                          = 5
   compressibility (3x3):
      compressibility[    0]={ 4.50000e-05,  0.00000e+00,  0.00000e+00}
      compressibility[    1]={ 0.00000e+00,  4.50000e-05,  0.00000e+00}
      compressibility[    2]={ 0.00000e+00,  0.00000e+00,  4.50000e-05}
   ref-p (3x3):
      ref-p[    0]={ 1.01325e+00,  0.00000e+00,  0.00000e+00}
      ref-p[    1]={ 0.00000e+00,  1.01325e+00,  0.00000e+00}
      ref-p[    2]={ 0.00000e+00,  0.00000e+00,  1.01325e+00}
   refcoord-scaling               = No
   posres-com (3):
      posres-com[0]= 0.00000e+00
      posres-com[1]= 0.00000e+00
      posres-com[2]= 0.00000e+00
   posres-comB (3):
      posres-comB[0]= 0.00000e+00
      posres-comB[1]= 0.00000e+00
      posres-comB[2]= 0.00000e+00
   QMMM                           = false
   QMconstraints                  = 0
   QMMMscheme                     = 0
   MMChargeScaleFactor            = 1
qm-opts:
   ngQM                           = 0
   constraint-algorithm           = Lincs
   continuation                   = false
   Shake-SOR                      = false
   shake-tol                      = 0.0001
   lincs-order                    = 12
   lincs-iter                     = 1
   lincs-warnangle                = 30
   nwall                          = 0
   wall-type                      = 9-3
   wall-r-linpot                  = -1
   wall-atomtype[0]               = -1
   wall-atomtype[1]               = -1
   wall-density[0]                = 0
   wall-density[1]                = 0
   wall-ewald-zfac                = 3
   pull                           = false
   awh                            = false
   rotation                       = false
   interactiveMD                  = false
   disre                          = No
   disre-weighting                = Conservative
   disre-mixed                    = false
   dr-fc                          = 1000
   dr-tau                         = 0
   nstdisreout                    = 100
   orire-fc                       = 0
   orire-tau                      = 0
   nstorireout                    = 100
   free-energy                    = yes
   init-lambda                    = -1
   init-lambda-state              = 12
   delta-lambda                   = 0
   nstdhdl                        = 100
   n-lambdas                      = 16
   separate-dvdl:
       fep-lambdas =   FALSE
      mass-lambdas =   FALSE
      coul-lambdas =   TRUE
       vdw-lambdas =   TRUE
    bonded-lambdas =   FALSE
 restraint-lambdas =   FALSE
temperature-lambdas =   FALSE
all-lambdas:
       fep-lambdas =            0           0           0           0           0           0           0           0           0           0           0           0           0           0           0           0
      mass-lambdas =            0           0           0           0           0           0           0           0           0           0           0           0           0           0           0           0
      coul-lambdas =            0           0           0           0           0           0         0.1         0.2         0.3         0.4         0.5         0.6         0.7         0.8         0.9           1
       vdw-lambdas =            0         0.2         0.4         0.6         0.8           1           1           1           1           1           1           1           1           1           1           1
    bonded-lambdas =            0           0           0           0           0           0           0           0           0           0           0           0           0           0           0           0
 restraint-lambdas =            0           0           0           0           0           0           0           0           0           0           0           0           0           0           0           0
temperature-lambdas =            0           0           0           0           0           0           0           0           0           0           0           0           0           0           0           0
   calc-lambda-neighbors          = -1
   dhdl-print-energy              = total
   sc-alpha                       = 0.5
   sc-power                       = 1
   sc-r-power                     = 6
   sc-sigma                       = 0.3
   sc-sigma-min                   = 0.3
   sc-coul                        = false
   dh-hist-size                   = 0
   dh-hist-spacing                = 0.1
   separate-dhdl-file             = yes
   dhdl-derivatives               = yes
   cos-acceleration               = 0
   deform (3x3):
      deform[    0]={ 0.00000e+00,  0.00000e+00,  0.00000e+00}
      deform[    1]={ 0.00000e+00,  0.00000e+00,  0.00000e+00}
      deform[    2]={ 0.00000e+00,  0.00000e+00,  0.00000e+00}
   simulated-tempering            = false
   swapcoords                     = no
   userint1                       = 0
   userint2                       = 0
   userint3                       = 0
   userint4                       = 0
   userreal1                      = 0
   userreal2                      = 0
   userreal3                      = 0
   userreal4                      = 0
   applied-forces:
     electric-field:
       x:
         E0                       = 0
         omega                    = 0
         t0                       = 0
         sigma                    = 0
       y:
         E0                       = 0
         omega                    = 0
         t0                       = 0
         sigma                    = 0
       z:
         E0                       = 0
         omega                    = 0
         t0                       = 0
         sigma                    = 0
grpopts:
   nrdf:        2043
   ref-t:         300
   tau-t:           5
annealing:          No
annealing-npoints:           0
   acc:	           0           0           0
   nfreeze:           N           N           N
   energygrp-flags[  0]: 0

The -nsteps functionality is deprecated, and may be removed in a future version. Consider using gmx convert-tpr -nsteps or changing the appropriate .mdp file field.

Overriding nsteps with value passed on the command line: 100000 steps, 200 ps
Changing nstlist from 10 to 40, rlist from 0.932 to 1.091


This is simulation 4 out of 8 running as a composite GROMACS
multi-simulation job. Setup for this simulation:

Using 1 MPI process
Using 1 OpenMP thread 

1 GPU selected for this run.
Mapping of GPU IDs to the 8 GPU tasks in the 8 ranks on this node:
  PP:0,PP:0,PP:0,PP:0,PP:0,PP:0,PP:0,PP:0
PP tasks will do (non-perturbed) short-ranged interactions on the GPU
Pinning threads with an auto-selected logical core stride of 1
System total charge, top. A: 0.000 top. B: 0.000
Will do PME sum in reciprocal space for electrostatic interactions.

++++ PLEASE READ AND CITE THE FOLLOWING REFERENCE ++++
U. Essmann, L. Perera, M. L. Berkowitz, T. Darden, H. Lee and L. G. Pedersen 
A smooth particle mesh Ewald method
J. Chem. Phys. 103 (1995) pp. 8577-8592
-------- -------- --- Thank You --- -------- --------

Using a Gaussian width (1/beta) of 0.327146 nm for Ewald
Potential shift: LJ r^-12: 0.000e+00 r^-6: 0.000e+00, Ewald -1.111e-04
Initialized non-bonded Ewald correction tables, spacing: 9.43e-04 size: 956

Long Range LJ corr.: <C6> 2.7555e-04
Generated table with 1045 data points for Ewald-Switch.
Tabscale = 500 points/nm
Generated table with 1045 data points for LJ6Switch.
Tabscale = 500 points/nm
Generated table with 1045 data points for LJ12Switch.
Tabscale = 500 points/nm

Using GPU 8x8 nonbonded short-range kernels

Using a dual 8x4 pair-list setup updated with dynamic, rolling pruning:
  outer list: updated every 40 steps, buffer 0.191 nm, rlist 1.091 nm
  inner list: updated every  4 steps, buffer 0.009 nm, rlist 0.909 nm
At tolerance 0.005 kJ/mol/ps per atom, equivalent classical 1x1 list would be:
  outer list: updated every 40 steps, buffer 0.291 nm, rlist 1.191 nm
  inner list: updated every  4 steps, buffer 0.023 nm, rlist 0.923 nm

There are 2 atoms and 2 charges for free energy perturbation
Removing pbc first time

++++ PLEASE READ AND CITE THE FOLLOWING REFERENCE ++++
S. Miyamoto and P. A. Kollman
SETTLE: An Analytical Version of the SHAKE and RATTLE Algorithms for Rigid
Water Models
J. Comp. Chem. 13 (1992) pp. 952-962
-------- -------- --- Thank You --- -------- --------

Initial vector of lambda components:[     0.0000     0.0000     0.7000     1.0000     0.0000     0.0000     0.0000 ]
Center of mass motion removal mode is Linear
We have the following groups for center of mass motion removal:
  0:  rest

++++ PLEASE READ AND CITE THE FOLLOWING REFERENCE ++++
N. Goga and A. J. Rzepiela and A. H. de Vries and S. J. Marrink and H. J. C.
Berendsen
Efficient Algorithms for Langevin and DPD Dynamics
J. Chem. Theory Comput. 8 (2012) pp. 3637--3649
-------- -------- --- Thank You --- -------- --------

There are: 1022 Atoms

Constraining the starting coordinates (step 0)

Constraining the coordinates at t0-dt (step 0)
RMS relative constraint deviation after constraining: 0.00e+00
Initial temperature: 311.901 K

Started mdrun on rank 0 Tue Feb  1 12:59:51 2022

           Step           Time
              0        0.00000

   Energies (kJ/mol)
        LJ (SR)  Disper. corr.   Coulomb (SR)   Coul. recip.      Potential
    1.97094e+03   -8.75296e+01   -1.60130e+04    1.42569e+02   -1.39870e+04
    Kinetic En.   Total Energy    Temperature Pres. DC (bar) Pressure (bar)
    2.64789e+03   -1.13391e+04    3.11765e+02   -1.39169e+02   -9.26804e+02
      dVcoul/dl       dVvdw/dl
   -5.35696e+02    5.51099e+02

step   80: timed with pme grid 20 20 20, coulomb cutoff 0.900: 120.0 M-cycles
step   80: the box size limits the PME load balancing to a coulomb cut-off of 0.900
              optimal pme grid 20 20 20, coulomb cutoff 0.900
           Step           Time
           1000        2.00000

   Energies (kJ/mol)
        LJ (SR)  Disper. corr.   Coulomb (SR)   Coul. recip.      Potential
    1.83910e+03   -8.71171e+01   -1.57837e+04    1.06840e+02   -1.39248e+04
    Kinetic En.   Total Energy    Temperature Pres. DC (bar) Pressure (bar)
    2.68352e+03   -1.12413e+04    3.15960e+02   -1.37860e+02   -1.39425e+03
      dVcoul/dl       dVvdw/dl
   -7.93947e+02    1.95376e+02

           Step           Time
           2000        4.00000

   Energies (kJ/mol)
        LJ (SR)  Disper. corr.   Coulomb (SR)   Coul. recip.      Potential
    2.24824e+03   -8.68403e+01   -1.60467e+04    1.16239e+02   -1.37690e+04
    Kinetic En.   Total Energy    Temperature Pres. DC (bar) Pressure (bar)
    2.52843e+03   -1.12406e+04    2.97700e+02   -1.36986e+02    8.54209e+02
      dVcoul/dl       dVvdw/dl
   -8.90067e+02    2.86802e+02

           Step           Time
           3000        6.00000

   Energies (kJ/mol)
        LJ (SR)  Disper. corr.   Coulomb (SR)   Coul. recip.      Potential
    2.09247e+03   -8.82385e+01   -1.60595e+04    9.53696e+01   -1.39599e+04
    Kinetic En.   Total Energy    Temperature Pres. DC (bar) Pressure (bar)
    2.62183e+03   -1.13381e+04    3.08697e+02   -1.41432e+02   -2.87918e+01
      dVcoul/dl       dVvdw/dl
   -9.27086e+02    4.06024e+02

           Step           Time
           4000        8.00000

   Energies (kJ/mol)
        LJ (SR)  Disper. corr.   Coulomb (SR)   Coul. recip.      Potential
    2.13461e+03   -8.96965e+01   -1.63272e+04    1.06340e+02   -1.41760e+04
    Kinetic En.   Total Energy    Temperature Pres. DC (bar) Pressure (bar)
    2.76890e+03   -1.14071e+04    3.26012e+02   -1.46145e+02   -4.18748e+01
      dVcoul/dl       dVvdw/dl
   -9.14348e+02    3.17443e+02

           Step           Time
           5000       10.00000

   Energies (kJ/mol)
        LJ (SR)  Disper. corr.   Coulomb (SR)   Coul. recip.      Potential
    2.24501e+03   -8.76275e+01   -1.63341e+04    9.62562e+01   -1.40805e+04
    Kinetic En.   Total Energy    Temperature Pres. DC (bar) Pressure (bar)
    2.62720e+03   -1.14533e+04    3.09329e+02   -1.39481e+02    2.48393e+02
      dVcoul/dl       dVvdw/dl
   -8.47877e+02    2.36701e+02

           Step           Time
           6000       12.00000

   Energies (kJ/mol)
        LJ (SR)  Disper. corr.   Coulomb (SR)   Coul. recip.      Potential
    2.03086e+03   -8.38367e+01   -1.59125e+04    9.64504e+01   -1.38691e+04
    Kinetic En.   Total Energy    Temperature Pres. DC (bar) Pressure (bar)
    2.42618e+03   -1.14429e+04    2.85660e+02   -1.27674e+02   -8.92806e+02
      dVcoul/dl       dVvdw/dl
   -8.55249e+02    3.84453e+02

           Step           Time
           7000       14.00000

   Energies (kJ/mol)
        LJ (SR)  Disper. corr.   Coulomb (SR)   Coul. recip.      Potential
    2.33940e+03   -8.96216e+01   -1.63839e+04    9.28243e+01   -1.40413e+04
    Kinetic En.   Total Energy    Temperature Pres. DC (bar) Pressure (bar)
    2.49763e+03   -1.15437e+04    2.94073e+02   -1.45901e+02    1.22096e+03
      dVcoul/dl       dVvdw/dl
   -9.38532e+02    4.89627e+02

           Step           Time
           8000       16.00000

   Energies (kJ/mol)
        LJ (SR)  Disper. corr.   Coulomb (SR)   Coul. recip.      Potential
    2.05695e+03   -8.69251e+01   -1.60966e+04    1.12426e+02   -1.40142e+04
    Kinetic En.   Total Energy    Temperature Pres. DC (bar) Pressure (bar)
    2.42776e+03   -1.15864e+04    2.85847e+02   -1.37253e+02   -6.08557e+02
      dVcoul/dl       dVvdw/dl
   -8.31324e+02    1.52075e+02

           Step           Time
           9000       18.00000

   Energies (kJ/mol)
        LJ (SR)  Disper. corr.   Coulomb (SR)   Coul. recip.      Potential
    2.38021e+03   -8.91985e+01   -1.64884e+04    1.12944e+02   -1.40844e+04
    Kinetic En.   Total Energy    Temperature Pres. DC (bar) Pressure (bar)
    2.52255e+03   -1.15619e+04    2.97008e+02   -1.44527e+02    1.19987e+03
      dVcoul/dl       dVvdw/dl
   -8.91703e+02    2.81423e+02

           Step           Time
          10000       20.00000

   Energies (kJ/mol)
        LJ (SR)  Disper. corr.   Coulomb (SR)   Coul. recip.      Potential
    2.10245e+03   -8.68158e+01   -1.60879e+04    8.87521e+01   -1.39835e+04
    Kinetic En.   Total Energy    Temperature Pres. DC (bar) Pressure (bar)
    2.61692e+03   -1.13666e+04    3.08118e+02   -1.36908e+02   -2.62076e+02
      dVcoul/dl       dVvdw/dl
   -8.38164e+02    2.14019e+02

           Step           Time
          11000       22.00000

   Energies (kJ/mol)
        LJ (SR)  Disper. corr.   Coulomb (SR)   Coul. recip.      Potential
    2.03767e+03   -8.82714e+01   -1.58960e+04    1.14007e+02   -1.38326e+04
    Kinetic En.   Total Energy    Temperature Pres. DC (bar) Pressure (bar)
    2.44507e+03   -1.13875e+04    2.87885e+02   -1.41538e+02   -2.97262e+02
      dVcoul/dl       dVvdw/dl
   -9.23367e+02    3.44724e+02

           Step           Time
          12000       24.00000

   Energies (kJ/mol)
        LJ (SR)  Disper. corr.   Coulomb (SR)   Coul. recip.      Potential
    2.16245e+03   -8.73013e+01   -1.60300e+04    1.02135e+02   -1.38527e+04
    Kinetic En.   Total Energy    Temperature Pres. DC (bar) Pressure (bar)
    2.66818e+03   -1.11846e+04    3.14154e+02   -1.38444e+02    5.98566e+02
      dVcoul/dl       dVvdw/dl
   -8.20022e+02    2.49610e+02

           Step           Time
          13000       26.00000

   Energies (kJ/mol)
        LJ (SR)  Disper. corr.   Coulomb (SR)   Coul. recip.      Potential
    1.94078e+03   -8.55937e+01   -1.58020e+04    1.05739e+02   -1.38411e+04
    Kinetic En.   Total Energy    Temperature Pres. DC (bar) Pressure (bar)
    2.59289e+03   -1.12482e+04    3.05290e+02   -1.33081e+02   -1.07337e+03
      dVcoul/dl       dVvdw/dl
   -8.78353e+02    4.50903e+02

           Step           Time
          14000       28.00000

   Energies (kJ/mol)
        LJ (SR)  Disper. corr.   Coulomb (SR)   Coul. recip.      Potential
    2.15481e+03   -8.85416e+01   -1.61078e+04    1.03862e+02   -1.39377e+04
    Kinetic En.   Total Energy    Temperature Pres. DC (bar) Pressure (bar)
    2.52998e+03   -1.14077e+04    2.97882e+02   -1.42406e+02    2.44022e+02
      dVcoul/dl       dVvdw/dl
   -8.65781e+02    2.90417e+02

           Step           Time
          15000       30.00000

   Energies (kJ/mol)
        LJ (SR)  Disper. corr.   Coulomb (SR)   Coul. recip.      Potential
    2.17957e+03   -8.83469e+01   -1.62281e+04    1.10883e+02   -1.40260e+04
    Kinetic En.   Total Energy    Temperature Pres. DC (bar) Pressure (bar)
    2.55348e+03   -1.14725e+04    3.00649e+02   -1.41780e+02    3.01620e+02
      dVcoul/dl       dVvdw/dl
   -8.77056e+02    3.34336e+02

           Step           Time
          16000       32.00000

   Energies (kJ/mol)
        LJ (SR)  Disper. corr.   Coulomb (SR)   Coul. recip.      Potential
    2.21137e+03   -8.80778e+01   -1.61996e+04    9.23858e+01   -1.39839e+04
    Kinetic En.   Total Energy    Temperature Pres. DC (bar) Pressure (bar)
    2.64761e+03   -1.13363e+04    3.11732e+02   -1.40918e+02    4.08260e+02
      dVcoul/dl       dVvdw/dl
   -8.91387e+02    5.76318e+02

           Step           Time
          17000       34.00000

   Energies (kJ/mol)
        LJ (SR)  Disper. corr.   Coulomb (SR)   Coul. recip.      Potential
    2.20728e+03   -8.58414e+01   -1.61098e+04    1.09095e+02   -1.38793e+04
    Kinetic En.   Total Energy    Temperature Pres. DC (bar) Pressure (bar)
    2.66906e+03   -1.12102e+04    3.14257e+02   -1.33853e+02    3.83379e+02
      dVcoul/dl       dVvdw/dl
   -8.25188e+02    2.48869e+02

           Step           Time
          18000       36.00000

   Energies (kJ/mol)
        LJ (SR)  Disper. corr.   Coulomb (SR)   Coul. recip.      Potential
    2.03885e+03   -8.65993e+01   -1.59949e+04    9.84664e+01   -1.39442e+04
    Kinetic En.   Total Energy    Temperature Pres. DC (bar) Pressure (bar)
    2.65194e+03   -1.12923e+04    3.12241e+02   -1.36226e+02   -4.50215e+02
      dVcoul/dl       dVvdw/dl
   -8.76751e+02    3.11600e+02

           Step           Time
          19000       38.00000

   Energies (kJ/mol)
        LJ (SR)  Disper. corr.   Coulomb (SR)   Coul. recip.      Potential
    2.27908e+03   -9.08237e+01   -1.62979e+04    9.13803e+01   -1.40182e+04
    Kinetic En.   Total Energy    Temperature Pres. DC (bar) Pressure (bar)
    2.71532e+03   -1.13029e+04    3.19705e+02   -1.49841e+02    1.34023e+03
      dVcoul/dl       dVvdw/dl
   -8.69232e+02    1.54605e+02

           Step           Time
          20000       40.00000

   Energies (kJ/mol)
        LJ (SR)  Disper. corr.   Coulomb (SR)   Coul. recip.      Potential
    2.00307e+03   -8.75177e+01   -1.60489e+04    9.16610e+01   -1.40417e+04
    Kinetic En.   Total Energy    Temperature Pres. DC (bar) Pressure (bar)
    2.71582e+03   -1.13258e+04    3.19763e+02   -1.39131e+02   -6.33700e+02
      dVcoul/dl       dVvdw/dl
   -8.86862e+02    3.29130e+02

           Step           Time
          21000       42.00000

   Energies (kJ/mol)
        LJ (SR)  Disper. corr.   Coulomb (SR)   Coul. recip.      Potential
    2.17631e+03   -8.53666e+01   -1.62481e+04    1.06341e+02   -1.40508e+04
    Kinetic En.   Total Energy    Temperature Pres. DC (bar) Pressure (bar)
    2.75961e+03   -1.12912e+04    3.24919e+02   -1.32376e+02   -1.06034e+02
      dVcoul/dl       dVvdw/dl
   -9.41450e+02    3.16785e+02

           Step           Time
          22000       44.00000

   Energies (kJ/mol)
        LJ (SR)  Disper. corr.   Coulomb (SR)   Coul. recip.      Potential
    2.18537e+03   -8.67450e+01   -1.60947e+04    1.04365e+02   -1.38917e+04
    Kinetic En.   Total Energy    Temperature Pres. DC (bar) Pressure (bar)
    2.55841e+03   -1.13333e+04    3.01230e+02   -1.36685e+02    3.27488e+02
      dVcoul/dl       dVvdw/dl
   -8.86237e+02    6.09553e+02

           Step           Time
          23000       46.00000

   Energies (kJ/mol)
        LJ (SR)  Disper. corr.   Coulomb (SR)   Coul. recip.      Potential
    2.12759e+03   -8.80647e+01   -1.62052e+04    1.08023e+02   -1.40576e+04
    Kinetic En.   Total Energy    Temperature Pres. DC (bar) Pressure (bar)
    2.67132e+03   -1.13863e+04    3.14524e+02   -1.40876e+02    3.68397e+01
      dVcoul/dl       dVvdw/dl
   -8.15951e+02    3.14243e+02

           Step           Time
          24000       48.00000

   Energies (kJ/mol)
        LJ (SR)  Disper. corr.   Coulomb (SR)   Coul. recip.      Potential
    2.09021e+03   -8.66517e+01   -1.61942e+04    9.46350e+01   -1.40960e+04
    Kinetic En.   Total Energy    Temperature Pres. DC (bar) Pressure (bar)
    2.60184e+03   -1.14941e+04    3.06343e+02   -1.36391e+02   -6.81642e+02
      dVcoul/dl       dVvdw/dl
   -8.89979e+02    2.34681e+02

           Step           Time
          25000       50.00000

   Energies (kJ/mol)
        LJ (SR)  Disper. corr.   Coulomb (SR)   Coul. recip.      Potential
    2.56395e+03   -9.00870e+01   -1.67635e+04    1.07592e+02   -1.41820e+04
    Kinetic En.   Total Energy    Temperature Pres. DC (bar) Pressure (bar)
    2.62929e+03   -1.15527e+04    3.09575e+02   -1.47420e+02    2.26221e+03
      dVcoul/dl       dVvdw/dl
   -8.78060e+02    1.81875e+02

           Step           Time
          26000       52.00000

   Energies (kJ/mol)
        LJ (SR)  Disper. corr.   Coulomb (SR)   Coul. recip.      Potential
    2.13064e+03   -8.59906e+01   -1.61122e+04    1.04441e+02   -1.39631e+04
    Kinetic En.   Total Energy    Temperature Pres. DC (bar) Pressure (bar)
    2.59004e+03   -1.13730e+04    3.04953e+02   -1.34318e+02   -1.83192e+02
      dVcoul/dl       dVvdw/dl
   -8.74895e+02    3.10698e+02

           Step           Time
          27000       54.00000

   Energies (kJ/mol)
        LJ (SR)  Disper. corr.   Coulomb (SR)   Coul. recip.      Potential
    2.38520e+03   -8.69124e+01   -1.64355e+04    1.03641e+02   -1.40335e+04
    Kinetic En.   Total Energy    Temperature Pres. DC (bar) Pressure (bar)
    2.60005e+03   -1.14335e+04    3.06132e+02   -1.37213e+02    1.01484e+03
      dVcoul/dl       dVvdw/dl
   -8.54183e+02    1.47902e+02

           Step           Time
          28000       56.00000

   Energies (kJ/mol)
        LJ (SR)  Disper. corr.   Coulomb (SR)   Coul. recip.      Potential
    2.36987e+03   -9.03537e+01   -1.66040e+04    9.69778e+01   -1.42275e+04
    Kinetic En.   Total Energy    Temperature Pres. DC (bar) Pressure (bar)
    2.59922e+03   -1.16283e+04    3.06035e+02   -1.48295e+02    1.21848e+03
      dVcoul/dl       dVvdw/dl
   -8.63839e+02    3.41690e+02

           Step           Time
          29000       58.00000

   Energies (kJ/mol)
        LJ (SR)  Disper. corr.   Coulomb (SR)   Coul. recip.      Potential
    1.96624e+03   -8.98132e+01   -1.60082e+04    9.65348e+01   -1.40353e+04
    Kinetic En.   Total Energy    Temperature Pres. DC (bar) Pressure (bar)
    2.63643e+03   -1.13988e+04    3.10416e+02   -1.46525e+02   -4.98983e+02
      dVcoul/dl       dVvdw/dl
   -9.37670e+02    4.45407e+02

           Step           Time
          30000       60.00000

   Energies (kJ/mol)
        LJ (SR)  Disper. corr.   Coulomb (SR)   Coul. recip.      Potential
    2.05010e+03   -8.72101e+01   -1.61973e+04    9.41380e+01   -1.41403e+04
    Kinetic En.   Total Energy    Temperature Pres. DC (bar) Pressure (bar)
    2.56804e+03   -1.15722e+04    3.02363e+02   -1.38155e+02   -9.87969e+02
      dVcoul/dl       dVvdw/dl
   -8.99127e+02    2.24013e+02

           Step           Time
          31000       62.00000

   Energies (kJ/mol)
        LJ (SR)  Disper. corr.   Coulomb (SR)   Coul. recip.      Potential
    2.24455e+03   -8.82853e+01   -1.62293e+04    9.81362e+01   -1.39749e+04
    Kinetic En.   Total Energy    Temperature Pres. DC (bar) Pressure (bar)
    2.45335e+03   -1.15216e+04    2.88860e+02   -1.41582e+02    6.37900e+02
      dVcoul/dl       dVvdw/dl
   -8.04268e+02    3.00918e+02

           Step           Time
          32000       64.00000

   Energies (kJ/mol)
        LJ (SR)  Disper. corr.   Coulomb (SR)   Coul. recip.      Potential
    2.29778e+03   -8.71225e+01   -1.63950e+04    8.86396e+01   -1.40957e+04
    Kinetic En.   Total Energy    Temperature Pres. DC (bar) Pressure (bar)
    2.48504e+03   -1.16106e+04    2.92591e+02   -1.37877e+02    6.56397e+02
      dVcoul/dl       dVvdw/dl
   -8.58700e+02    3.68951e+02

           Step           Time
          33000       66.00000

   Energies (kJ/mol)
        LJ (SR)  Disper. corr.   Coulomb (SR)   Coul. recip.      Potential
    2.36849e+03   -8.78788e+01   -1.65347e+04    1.12836e+02   -1.41413e+04
    Kinetic En.   Total Energy    Temperature Pres. DC (bar) Pressure (bar)
    2.61305e+03   -1.15282e+04    3.07663e+02   -1.40282e+02    8.11832e+02
      dVcoul/dl       dVvdw/dl
   -8.96165e+02    5.05104e+02

           Step           Time
          34000       68.00000

   Energies (kJ/mol)
        LJ (SR)  Disper. corr.   Coulomb (SR)   Coul. recip.      Potential
    2.26537e+03   -8.71155e+01   -1.63448e+04    9.40562e+01   -1.40725e+04
    Kinetic En.   Total Energy    Temperature Pres. DC (bar) Pressure (bar)
    2.57715e+03   -1.14954e+04    3.03435e+02   -1.37855e+02    4.16176e+02
      dVcoul/dl       dVvdw/dl
   -8.30286e+02    2.94469e+02

           Step           Time
          35000       70.00000

   Energies (kJ/mol)
        LJ (SR)  Disper. corr.   Coulomb (SR)   Coul. recip.      Potential
    2.09729e+03   -8.80196e+01   -1.61827e+04    9.48196e+01   -1.40787e+04
    Kinetic En.   Total Energy    Temperature Pres. DC (bar) Pressure (bar)
    2.54776e+03   -1.15309e+04    2.99976e+02   -1.40732e+02   -3.73519e+02
      dVcoul/dl       dVvdw/dl
   -8.54935e+02    2.90340e+02

           Step           Time
          36000       72.00000

   Energies (kJ/mol)
        LJ (SR)  Disper. corr.   Coulomb (SR)   Coul. recip.      Potential
    2.17179e+03   -8.62714e+01   -1.63235e+04    9.66203e+01   -1.41413e+04
    Kinetic En.   Total Energy    Temperature Pres. DC (bar) Pressure (bar)
    2.61577e+03   -1.15255e+04    3.07984e+02   -1.35197e+02   -3.52231e+02
      dVcoul/dl       dVvdw/dl
   -8.36898e+02    3.24904e+02

           Step           Time
          37000       74.00000

   Energies (kJ/mol)
        LJ (SR)  Disper. corr.   Coulomb (SR)   Coul. recip.      Potential
    2.09911e+03   -8.62096e+01   -1.61977e+04    9.75009e+01   -1.40873e+04
    Kinetic En.   Total Energy    Temperature Pres. DC (bar) Pressure (bar)
    2.54026e+03   -1.15470e+04    2.99093e+02   -1.35003e+02   -7.54656e+02
      dVcoul/dl       dVvdw/dl
   -8.72989e+02    2.49694e+02

           Step           Time
          38000       76.00000

   Energies (kJ/mol)
        LJ (SR)  Disper. corr.   Coulomb (SR)   Coul. recip.      Potential
    2.26529e+03   -8.86432e+01   -1.64826e+04    9.78929e+01   -1.42080e+04
    Kinetic En.   Total Energy    Temperature Pres. DC (bar) Pressure (bar)
    2.57127e+03   -1.16368e+04    3.02744e+02   -1.42733e+02    4.45941e+02
      dVcoul/dl       dVvdw/dl
   -8.86133e+02    5.90702e+02

           Step           Time
          39000       78.00000

   Energies (kJ/mol)
        LJ (SR)  Disper. corr.   Coulomb (SR)   Coul. recip.      Potential
    2.10849e+03   -9.00772e+01   -1.62625e+04    9.46031e+01   -1.41495e+04
    Kinetic En.   Total Energy    Temperature Pres. DC (bar) Pressure (bar)
    2.40725e+03   -1.17422e+04    2.83432e+02   -1.47388e+02   -9.85720e+01
      dVcoul/dl       dVvdw/dl
   -9.62990e+02    3.98304e+02

           Step           Time
          40000       80.00000

   Energies (kJ/mol)
        LJ (SR)  Disper. corr.   Coulomb (SR)   Coul. recip.      Potential
    2.13481e+03   -8.78070e+01   -1.61962e+04    1.13284e+02   -1.40359e+04
    Kinetic En.   Total Energy    Temperature Pres. DC (bar) Pressure (bar)
    2.37419e+03   -1.16617e+04    2.79539e+02   -1.40053e+02   -2.52907e+02
      dVcoul/dl       dVvdw/dl
   -8.96231e+02    2.51884e+02

           Step           Time
          41000       82.00000

   Energies (kJ/mol)
        LJ (SR)  Disper. corr.   Coulomb (SR)   Coul. recip.      Potential
    2.02206e+03   -8.74809e+01   -1.60607e+04    9.95108e+01   -1.40267e+04
    Kinetic En.   Total Energy    Temperature Pres. DC (bar) Pressure (bar)
    2.49410e+03   -1.15325e+04    2.93658e+02   -1.39014e+02   -6.17208e+02
      dVcoul/dl       dVvdw/dl
   -8.63838e+02    4.24827e+02

           Step           Time
          42000       84.00000

   Energies (kJ/mol)
        LJ (SR)  Disper. corr.   Coulomb (SR)   Coul. recip.      Potential
    2.41934e+03   -8.76499e+01   -1.64240e+04    9.31702e+01   -1.39991e+04
    Kinetic En.   Total Energy    Temperature Pres. DC (bar) Pressure (bar)
    2.47131e+03   -1.15278e+04    2.90975e+02   -1.39552e+02    1.55798e+03
      dVcoul/dl       dVvdw/dl
   -8.68232e+02    3.02672e+02

           Step           Time
          43000       86.00000

   Energies (kJ/mol)
        LJ (SR)  Disper. corr.   Coulomb (SR)   Coul. recip.      Potential
    1.82570e+03   -8.59127e+01   -1.57041e+04    1.11196e+02   -1.38531e+04
    Kinetic En.   Total Energy    Temperature Pres. DC (bar) Pressure (bar)
    2.59031e+03   -1.12628e+04    3.04986e+02   -1.34075e+02   -1.64057e+03
      dVcoul/dl       dVvdw/dl
   -8.57147e+02    1.91688e+02

           Step           Time
          44000       88.00000

   Energies (kJ/mol)
        LJ (SR)  Disper. corr.   Coulomb (SR)   Coul. recip.      Potential
    2.23538e+03   -8.94044e+01   -1.61141e+04    9.75728e+01   -1.38705e+04
    Kinetic En.   Total Energy    Temperature Pres. DC (bar) Pressure (bar)
    2.58602e+03   -1.12845e+04    3.04481e+02   -1.45195e+02    9.17007e+02
      dVcoul/dl       dVvdw/dl
   -8.54249e+02    2.69791e+02

           Step           Time
          45000       90.00000

   Energies (kJ/mol)
        LJ (SR)  Disper. corr.   Coulomb (SR)   Coul. recip.      Potential
    2.12991e+03   -8.48376e+01   -1.59120e+04    1.13398e+02   -1.37536e+04
    Kinetic En.   Total Energy    Temperature Pres. DC (bar) Pressure (bar)
    2.62955e+03   -1.11240e+04    3.09605e+02   -1.30740e+02   -1.43639e+02
      dVcoul/dl       dVvdw/dl
   -8.32691e+02    1.29314e+02

           Step           Time
          46000       92.00000

   Energies (kJ/mol)
        LJ (SR)  Disper. corr.   Coulomb (SR)   Coul. recip.      Potential
    2.23707e+03   -8.83244e+01   -1.62491e+04    1.08491e+02   -1.39918e+04
    Kinetic En.   Total Energy    Temperature Pres. DC (bar) Pressure (bar)
    2.67889e+03   -1.13130e+04    3.15415e+02   -1.41708e+02    7.22210e+02
      dVcoul/dl       dVvdw/dl
   -8.56329e+02    4.40468e+02

           Step           Time
          47000       94.00000

   Energies (kJ/mol)
        LJ (SR)  Disper. corr.   Coulomb (SR)   Coul. recip.      Potential
    2.29817e+03   -8.56474e+01   -1.60270e+04    1.16956e+02   -1.36975e+04
    Kinetic En.   Total Energy    Temperature Pres. DC (bar) Pressure (bar)
    2.53966e+03   -1.11579e+04    2.99022e+02   -1.33248e+02    9.73215e+02
      dVcoul/dl       dVvdw/dl
   -8.07826e+02    2.04570e+02

           Step           Time
          48000       96.00000

   Energies (kJ/mol)
        LJ (SR)  Disper. corr.   Coulomb (SR)   Coul. recip.      Potential
    2.12061e+03   -8.43524e+01   -1.60376e+04    1.17284e+02   -1.38841e+04
    Kinetic En.   Total Energy    Temperature Pres. DC (bar) Pressure (bar)
    2.67808e+03   -1.12060e+04    3.15319e+02   -1.29249e+02   -3.10135e+02
      dVcoul/dl       dVvdw/dl
   -8.66457e+02    1.76072e+02

           Step           Time
          49000       98.00000

   Energies (kJ/mol)
        LJ (SR)  Disper. corr.   Coulomb (SR)   Coul. recip.      Potential
    2.21499e+03   -8.89027e+01   -1.61528e+04    9.97497e+01   -1.39270e+04
    Kinetic En.   Total Energy    Temperature Pres. DC (bar) Pressure (bar)
    2.57248e+03   -1.13545e+04    3.02886e+02   -1.43570e+02    7.48012e+02
      dVcoul/dl       dVvdw/dl
   -8.42021e+02    2.08896e+02

           Step           Time
          50000      100.00000

   Energies (kJ/mol)
        LJ (SR)  Disper. corr.   Coulomb (SR)   Coul. recip.      Potential
    2.07600e+03   -8.71931e+01   -1.62381e+04    1.01863e+02   -1.41475e+04
    Kinetic En.   Total Energy    Temperature Pres. DC (bar) Pressure (bar)
    2.69688e+03   -1.14506e+04    3.17533e+02   -1.38101e+02   -6.12929e+02
      dVcoul/dl       dVvdw/dl
   -8.37152e+02    2.05781e+02

           Step           Time
          51000      102.00000

   Energies (kJ/mol)
        LJ (SR)  Disper. corr.   Coulomb (SR)   Coul. recip.      Potential
    2.14546e+03   -8.56249e+01   -1.61121e+04    9.55028e+01   -1.39568e+04
    Kinetic En.   Total Energy    Temperature Pres. DC (bar) Pressure (bar)
    2.54968e+03   -1.14071e+04    3.00201e+02   -1.33178e+02   -2.22964e+02
      dVcoul/dl       dVvdw/dl
   -8.60453e+02    2.58808e+02

           Step           Time
          52000      104.00000

   Energies (kJ/mol)
        LJ (SR)  Disper. corr.   Coulomb (SR)   Coul. recip.      Potential
    2.09923e+03   -8.79968e+01   -1.61122e+04    8.88160e+01   -1.40121e+04
    Kinetic En.   Total Energy    Temperature Pres. DC (bar) Pressure (bar)
    2.54251e+03   -1.14696e+04    2.99358e+02   -1.40659e+02   -4.59504e+02
      dVcoul/dl       dVvdw/dl
   -8.83350e+02    3.10649e+02

           Step           Time
          53000      106.00000

   Energies (kJ/mol)
        LJ (SR)  Disper. corr.   Coulomb (SR)   Coul. recip.      Potential
    2.38171e+03   -8.66842e+01   -1.63760e+04    1.08907e+02   -1.39721e+04
    Kinetic En.   Total Energy    Temperature Pres. DC (bar) Pressure (bar)
    2.64124e+03   -1.13309e+04    3.10982e+02   -1.36494e+02    1.01918e+03
      dVcoul/dl       dVvdw/dl
   -8.31859e+02    4.60952e+02

           Step           Time
          54000      108.00000

   Energies (kJ/mol)
        LJ (SR)  Disper. corr.   Coulomb (SR)   Coul. recip.      Potential
    2.38756e+03   -8.49642e+01   -1.63748e+04    8.87506e+01   -1.39835e+04
    Kinetic En.   Total Energy    Temperature Pres. DC (bar) Pressure (bar)
    2.63381e+03   -1.13496e+04    3.10107e+02   -1.31131e+02    9.34045e+02
      dVcoul/dl       dVvdw/dl
   -9.12119e+02    2.26151e+02

           Step           Time
          55000      110.00000

   Energies (kJ/mol)
        LJ (SR)  Disper. corr.   Coulomb (SR)   Coul. recip.      Potential
    2.20939e+03   -9.01683e+01   -1.61470e+04    9.68149e+01   -1.39310e+04
    Kinetic En.   Total Energy    Temperature Pres. DC (bar) Pressure (bar)
    2.52917e+03   -1.14018e+04    2.97786e+02   -1.47687e+02    9.87303e+02
      dVcoul/dl       dVvdw/dl
   -8.85759e+02    1.64048e+02

           Step           Time
          56000      112.00000

   Energies (kJ/mol)
        LJ (SR)  Disper. corr.   Coulomb (SR)   Coul. recip.      Potential
    2.15248e+03   -8.60024e+01   -1.60470e+04    1.09137e+02   -1.38714e+04
    Kinetic En.   Total Energy    Temperature Pres. DC (bar) Pressure (bar)
    2.56193e+03   -1.13094e+04    3.01644e+02   -1.34355e+02    1.61524e+02
      dVcoul/dl       dVvdw/dl
   -8.85926e+02    2.89776e+02

           Step           Time
          57000      114.00000

   Energies (kJ/mol)
        LJ (SR)  Disper. corr.   Coulomb (SR)   Coul. recip.      Potential
    2.19292e+03   -8.78962e+01   -1.61543e+04    8.94360e+01   -1.39599e+04
    Kinetic En.   Total Energy    Temperature Pres. DC (bar) Pressure (bar)
    2.47729e+03   -1.14826e+04    2.91678e+02   -1.40337e+02    3.00832e+02
      dVcoul/dl       dVvdw/dl
   -9.38656e+02    2.71471e+02

           Step           Time
          58000      116.00000

   Energies (kJ/mol)
        LJ (SR)  Disper. corr.   Coulomb (SR)   Coul. recip.      Potential
    2.45127e+03   -8.95302e+01   -1.66905e+04    8.54381e+01   -1.42433e+04
    Kinetic En.   Total Energy    Temperature Pres. DC (bar) Pressure (bar)
    2.51183e+03   -1.17315e+04    2.95745e+02   -1.45604e+02    1.34068e+03
      dVcoul/dl       dVvdw/dl
   -8.84098e+02    5.91009e+02

           Step           Time
          59000      118.00000

   Energies (kJ/mol)
        LJ (SR)  Disper. corr.   Coulomb (SR)   Coul. recip.      Potential
    2.12971e+03   -8.85155e+01   -1.64238e+04    9.64587e+01   -1.42861e+04
    Kinetic En.   Total Energy    Temperature Pres. DC (bar) Pressure (bar)
    2.44701e+03   -1.18391e+04    2.88113e+02   -1.42322e+02   -5.89365e+02
      dVcoul/dl       dVvdw/dl
   -8.49227e+02    2.24378e+02

           Step           Time
          60000      120.00000

   Energies (kJ/mol)
        LJ (SR)  Disper. corr.   Coulomb (SR)   Coul. recip.      Potential
    2.07203e+03   -8.95427e+01   -1.63202e+04    1.06396e+02   -1.42314e+04
    Kinetic En.   Total Energy    Temperature Pres. DC (bar) Pressure (bar)
    2.53108e+03   -1.17003e+04    2.98012e+02   -1.45644e+02   -5.97956e+02
      dVcoul/dl       dVvdw/dl
   -8.60646e+02    1.59604e+02

           Step           Time
          61000      122.00000

   Energies (kJ/mol)
        LJ (SR)  Disper. corr.   Coulomb (SR)   Coul. recip.      Potential
    2.14040e+03   -8.79925e+01   -1.63904e+04    8.62293e+01   -1.42517e+04
    Kinetic En.   Total Energy    Temperature Pres. DC (bar) Pressure (bar)
    2.56347e+03   -1.16883e+04    3.01825e+02   -1.40645e+02   -2.15280e+02
      dVcoul/dl       dVvdw/dl
   -9.27202e+02    5.57825e+02

           Step           Time
          62000      124.00000

   Energies (kJ/mol)
        LJ (SR)  Disper. corr.   Coulomb (SR)   Coul. recip.      Potential
    2.11485e+03   -8.66111e+01   -1.62617e+04    9.06821e+01   -1.41428e+04
    Kinetic En.   Total Energy    Temperature Pres. DC (bar) Pressure (bar)
    2.54482e+03   -1.15980e+04    2.99629e+02   -1.36264e+02   -6.73315e+02
      dVcoul/dl       dVvdw/dl
   -9.44316e+02    4.85333e+02

           Step           Time
          63000      126.00000

   Energies (kJ/mol)
        LJ (SR)  Disper. corr.   Coulomb (SR)   Coul. recip.      Potential
    2.13155e+03   -8.88500e+01   -1.62111e+04    9.83501e+01   -1.40701e+04
    Kinetic En.   Total Energy    Temperature Pres. DC (bar) Pressure (bar)
    2.52925e+03   -1.15408e+04    2.97796e+02   -1.43399e+02    2.82713e+01
      dVcoul/dl       dVvdw/dl
   -9.07531e+02    1.74393e+02

           Step           Time
          64000      128.00000

   Energies (kJ/mol)
        LJ (SR)  Disper. corr.   Coulomb (SR)   Coul. recip.      Potential
    2.07464e+03   -8.70890e+01   -1.60851e+04    9.55953e+01   -1.40019e+04
    Kinetic En.   Total Energy    Temperature Pres. DC (bar) Pressure (bar)
    2.52243e+03   -1.14795e+04    2.96993e+02   -1.37772e+02   -4.56826e+02
      dVcoul/dl       dVvdw/dl
   -9.10671e+02    3.44171e+02

           Step           Time
          65000      130.00000

   Energies (kJ/mol)
        LJ (SR)  Disper. corr.   Coulomb (SR)   Coul. recip.      Potential
    2.13120e+03   -8.85297e+01   -1.62636e+04    1.15982e+02   -1.41050e+04
    Kinetic En.   Total Energy    Temperature Pres. DC (bar) Pressure (bar)
    2.48456e+03   -1.16204e+04    2.92535e+02   -1.42367e+02   -1.24037e+02
      dVcoul/dl       dVvdw/dl
   -8.06066e+02    2.89959e+02

           Step           Time
          66000      132.00000

   Energies (kJ/mol)
        LJ (SR)  Disper. corr.   Coulomb (SR)   Coul. recip.      Potential
    2.03749e+03   -8.83100e+01   -1.60092e+04    1.03059e+02   -1.39569e+04
    Kinetic En.   Total Energy    Temperature Pres. DC (bar) Pressure (bar)
    2.50830e+03   -1.14486e+04    2.95330e+02   -1.41662e+02   -1.26029e+02
      dVcoul/dl       dVvdw/dl
   -9.11875e+02    3.34225e+02

           Step           Time
          67000      134.00000

   Energies (kJ/mol)
        LJ (SR)  Disper. corr.   Coulomb (SR)   Coul. recip.      Potential
    2.13291e+03   -8.79597e+01   -1.61399e+04    9.23659e+01   -1.40026e+04
    Kinetic En.   Total Energy    Temperature Pres. DC (bar) Pressure (bar)
    2.56607e+03   -1.14365e+04    3.02131e+02   -1.40540e+02   -1.05353e+02
      dVcoul/dl       dVvdw/dl
   -8.73672e+02    4.38750e+02

           Step           Time
          68000      136.00000

   Energies (kJ/mol)
        LJ (SR)  Disper. corr.   Coulomb (SR)   Coul. recip.      Potential
    2.27335e+03   -8.62207e+01   -1.62539e+04    1.02283e+02   -1.39645e+04
    Kinetic En.   Total Energy    Temperature Pres. DC (bar) Pressure (bar)
    2.53718e+03   -1.14273e+04    2.98729e+02   -1.35038e+02    4.39219e+02
      dVcoul/dl       dVvdw/dl
   -8.67039e+02    5.00665e+02

           Step           Time
          69000      138.00000

   Energies (kJ/mol)
        LJ (SR)  Disper. corr.   Coulomb (SR)   Coul. recip.      Potential
    2.17213e+03   -8.68739e+01   -1.61932e+04    9.85736e+01   -1.40094e+04
    Kinetic En.   Total Energy    Temperature Pres. DC (bar) Pressure (bar)
    2.59108e+03   -1.14183e+04    3.05077e+02   -1.37092e+02   -5.46170e+01
      dVcoul/dl       dVvdw/dl
   -8.76253e+02    5.01833e+02

           Step           Time
          70000      140.00000

   Energies (kJ/mol)
        LJ (SR)  Disper. corr.   Coulomb (SR)   Coul. recip.      Potential
    2.25359e+03   -8.82267e+01   -1.64174e+04    1.02081e+02   -1.41500e+04
    Kinetic En.   Total Energy    Temperature Pres. DC (bar) Pressure (bar)
    2.65143e+03   -1.14985e+04    3.12182e+02   -1.41395e+02    5.83512e+02
      dVcoul/dl       dVvdw/dl
   -9.59960e+02    6.92078e+02

           Step           Time
          71000      142.00000

   Energies (kJ/mol)
        LJ (SR)  Disper. corr.   Coulomb (SR)   Coul. recip.      Potential
    2.20969e+03   -8.87056e+01   -1.63582e+04    1.01023e+02   -1.41361e+04
    Kinetic En.   Total Energy    Temperature Pres. DC (bar) Pressure (bar)
    2.66340e+03   -1.14727e+04    3.13592e+02   -1.42934e+02    2.61971e+02
      dVcoul/dl       dVvdw/dl
   -8.36040e+02    2.28021e+02

           Step           Time
          72000      144.00000

   Energies (kJ/mol)
        LJ (SR)  Disper. corr.   Coulomb (SR)   Coul. recip.      Potential
    2.23471e+03   -8.50827e+01   -1.62834e+04    9.15855e+01   -1.40422e+04
    Kinetic En.   Total Energy    Temperature Pres. DC (bar) Pressure (bar)
    2.59060e+03   -1.14516e+04    3.05019e+02   -1.31497e+02    9.57057e+01
      dVcoul/dl       dVvdw/dl
   -8.53642e+02    4.31713e+02

           Step           Time
          73000      146.00000

   Energies (kJ/mol)
        LJ (SR)  Disper. corr.   Coulomb (SR)   Coul. recip.      Potential
    2.27396e+03   -8.73413e+01   -1.62891e+04    9.43535e+01   -1.40082e+04
    Kinetic En.   Total Energy    Temperature Pres. DC (bar) Pressure (bar)
    2.51573e+03   -1.14924e+04    2.96205e+02   -1.38571e+02    6.03840e+02
      dVcoul/dl       dVvdw/dl
   -8.73665e+02    3.87613e+02

           Step           Time
          74000      148.00000

   Energies (kJ/mol)
        LJ (SR)  Disper. corr.   Coulomb (SR)   Coul. recip.      Potential
    2.34190e+03   -8.65053e+01   -1.63672e+04    9.92917e+01   -1.40126e+04
    Kinetic En.   Total Energy    Temperature Pres. DC (bar) Pressure (bar)
    2.56866e+03   -1.14439e+04    3.02437e+02   -1.35931e+02    8.43484e+02
      dVcoul/dl       dVvdw/dl
   -9.09104e+02    2.66754e+02

           Step           Time
          75000      150.00000

   Energies (kJ/mol)
        LJ (SR)  Disper. corr.   Coulomb (SR)   Coul. recip.      Potential
    2.24609e+03   -8.74826e+01   -1.62093e+04    1.06882e+02   -1.39438e+04
    Kinetic En.   Total Energy    Temperature Pres. DC (bar) Pressure (bar)
    2.52032e+03   -1.14235e+04    2.96745e+02   -1.39020e+02    7.42861e+02
      dVcoul/dl       dVvdw/dl
   -8.55906e+02    2.94477e+02

           Step           Time
          76000      152.00000

   Energies (kJ/mol)
        LJ (SR)  Disper. corr.   Coulomb (SR)   Coul. recip.      Potential
    2.29046e+03   -8.94604e+01   -1.61529e+04    9.65986e+01   -1.38553e+04
    Kinetic En.   Total Energy    Temperature Pres. DC (bar) Pressure (bar)
    2.45962e+03   -1.13957e+04    2.89598e+02   -1.45377e+02    1.32680e+03
      dVcoul/dl       dVvdw/dl
   -8.52163e+02    2.09116e+02

           Step           Time
          77000      154.00000

   Energies (kJ/mol)
        LJ (SR)  Disper. corr.   Coulomb (SR)   Coul. recip.      Potential
    2.06428e+03   -8.57576e+01   -1.61172e+04    1.09895e+02   -1.40288e+04
    Kinetic En.   Total Energy    Temperature Pres. DC (bar) Pressure (bar)
    2.58553e+03   -1.14432e+04    3.04423e+02   -1.33591e+02   -7.51481e+02
      dVcoul/dl       dVvdw/dl
   -8.78730e+02    3.56537e+02

           Step           Time
          78000      156.00000

   Energies (kJ/mol)
        LJ (SR)  Disper. corr.   Coulomb (SR)   Coul. recip.      Potential
    2.11785e+03   -8.72667e+01   -1.61747e+04    1.01571e+02   -1.40426e+04
    Kinetic En.   Total Energy    Temperature Pres. DC (bar) Pressure (bar)
    2.58375e+03   -1.14588e+04    3.04213e+02   -1.38334e+02   -2.25391e+02
      dVcoul/dl       dVvdw/dl
   -8.56739e+02    3.74661e+02

           Step           Time
          79000      158.00000

   Energies (kJ/mol)
        LJ (SR)  Disper. corr.   Coulomb (SR)   Coul. recip.      Potential
    2.09765e+03   -8.86451e+01   -1.61929e+04    1.07243e+02   -1.40767e+04
    Kinetic En.   Total Energy    Temperature Pres. DC (bar) Pressure (bar)
    2.56301e+03   -1.15137e+04    3.01771e+02   -1.42739e+02   -2.98591e+02
      dVcoul/dl       dVvdw/dl
   -8.26200e+02    3.64102e+02

           Step           Time
          80000      160.00000

   Energies (kJ/mol)
        LJ (SR)  Disper. corr.   Coulomb (SR)   Coul. recip.      Potential
    2.09382e+03   -8.95120e+01   -1.61371e+04    8.61386e+01   -1.40467e+04
    Kinetic En.   Total Energy    Temperature Pres. DC (bar) Pressure (bar)
    2.61437e+03   -1.14323e+04    3.07818e+02   -1.45544e+02    6.18867e+01
      dVcoul/dl       dVvdw/dl
   -9.61587e+02    4.74787e+02

           Step           Time
          81000      162.00000

   Energies (kJ/mol)
        LJ (SR)  Disper. corr.   Coulomb (SR)   Coul. recip.      Potential
    2.13423e+03   -8.43122e+01   -1.61147e+04    9.52439e+01   -1.39695e+04
    Kinetic En.   Total Energy    Temperature Pres. DC (bar) Pressure (bar)
    2.60734e+03   -1.13622e+04    3.06990e+02   -1.29126e+02   -5.31846e+02
      dVcoul/dl       dVvdw/dl
   -8.88222e+02    4.09127e+02

           Step           Time
          82000      164.00000

   Energies (kJ/mol)
        LJ (SR)  Disper. corr.   Coulomb (SR)   Coul. recip.      Potential
    2.03878e+03   -8.84684e+01   -1.59587e+04    9.46633e+01   -1.39138e+04
    Kinetic En.   Total Energy    Temperature Pres. DC (bar) Pressure (bar)
    2.52809e+03   -1.13857e+04    2.97660e+02   -1.42171e+02   -2.38827e+02
      dVcoul/dl       dVvdw/dl
   -8.17228e+02    3.20775e+02

           Step           Time
          83000      166.00000

   Energies (kJ/mol)
        LJ (SR)  Disper. corr.   Coulomb (SR)   Coul. recip.      Potential
    2.41585e+03   -8.81597e+01   -1.64332e+04    1.00725e+02   -1.40048e+04
    Kinetic En.   Total Energy    Temperature Pres. DC (bar) Pressure (bar)
    2.63709e+03   -1.13677e+04    3.10493e+02   -1.41180e+02    1.46250e+03
      dVcoul/dl       dVvdw/dl
   -8.41634e+02    2.89877e+02

           Step           Time
          84000      168.00000

   Energies (kJ/mol)
        LJ (SR)  Disper. corr.   Coulomb (SR)   Coul. recip.      Potential
    1.98561e+03   -8.48516e+01   -1.59643e+04    1.15696e+02   -1.39479e+04
    Kinetic En.   Total Energy    Temperature Pres. DC (bar) Pressure (bar)
    2.51251e+03   -1.14353e+04    2.95825e+02   -1.30783e+02   -1.22294e+03
      dVcoul/dl       dVvdw/dl
   -8.80647e+02    3.79190e+02

           Step           Time
          85000      170.00000

   Energies (kJ/mol)
        LJ (SR)  Disper. corr.   Coulomb (SR)   Coul. recip.      Potential
    2.40158e+03   -8.80136e+01   -1.64377e+04    1.07068e+02   -1.40170e+04
    Kinetic En.   Total Energy    Temperature Pres. DC (bar) Pressure (bar)
    2.54107e+03   -1.14760e+04    2.99188e+02   -1.40712e+02    1.25167e+03
      dVcoul/dl       dVvdw/dl
   -8.43419e+02    3.52255e+02

           Step           Time
          86000      172.00000

   Energies (kJ/mol)
        LJ (SR)  Disper. corr.   Coulomb (SR)   Coul. recip.      Potential
    2.13483e+03   -8.70808e+01   -1.62652e+04    1.08461e+02   -1.41090e+04
    Kinetic En.   Total Energy    Temperature Pres. DC (bar) Pressure (bar)
    2.59297e+03   -1.15161e+04    3.05298e+02   -1.37746e+02   -3.97607e+02
      dVcoul/dl       dVvdw/dl
   -7.46684e+02    2.60187e+02

           Step           Time
          87000      174.00000

   Energies (kJ/mol)
        LJ (SR)  Disper. corr.   Coulomb (SR)   Coul. recip.      Potential
    2.07807e+03   -8.96165e+01   -1.62058e+04    9.85088e+01   -1.41188e+04
    Kinetic En.   Total Energy    Temperature Pres. DC (bar) Pressure (bar)
    2.54070e+03   -1.15781e+04    2.99144e+02   -1.45884e+02   -2.50862e+02
      dVcoul/dl       dVvdw/dl
   -8.85699e+02    3.35387e+02

           Step           Time
          88000      176.00000

   Energies (kJ/mol)
        LJ (SR)  Disper. corr.   Coulomb (SR)   Coul. recip.      Potential
    2.06402e+03   -8.98507e+01   -1.62144e+04    1.02677e+02   -1.41375e+04
    Kinetic En.   Total Energy    Temperature Pres. DC (bar) Pressure (bar)
    2.50045e+03   -1.16371e+04    2.94405e+02   -1.46648e+02   -1.97291e+02
      dVcoul/dl       dVvdw/dl
   -8.64922e+02    1.91160e+02

           Step           Time
          89000      178.00000

   Energies (kJ/mol)
        LJ (SR)  Disper. corr.   Coulomb (SR)   Coul. recip.      Potential
    1.99748e+03   -8.57493e+01   -1.60411e+04    9.24102e+01   -1.40370e+04
    Kinetic En.   Total Energy    Temperature Pres. DC (bar) Pressure (bar)
    2.56392e+03   -1.14730e+04    3.01879e+02   -1.33565e+02   -1.09410e+03
      dVcoul/dl       dVvdw/dl
   -8.81000e+02    4.26881e+02

           Step           Time
          90000      180.00000

   Energies (kJ/mol)
        LJ (SR)  Disper. corr.   Coulomb (SR)   Coul. recip.      Potential
    2.14466e+03   -8.66922e+01   -1.61905e+04    9.84602e+01   -1.40341e+04
    Kinetic En.   Total Energy    Temperature Pres. DC (bar) Pressure (bar)
    2.51620e+03   -1.15179e+04    2.96260e+02   -1.36519e+02   -7.23397e+01
      dVcoul/dl       dVvdw/dl
   -9.18726e+02    5.69974e+02

           Step           Time
          91000      182.00000

   Energies (kJ/mol)
        LJ (SR)  Disper. corr.   Coulomb (SR)   Coul. recip.      Potential
    2.25664e+03   -8.82926e+01   -1.63182e+04    1.07840e+02   -1.40420e+04
    Kinetic En.   Total Energy    Temperature Pres. DC (bar) Pressure (bar)
    2.58811e+03   -1.14539e+04    3.04726e+02   -1.41606e+02    5.35835e+02
      dVcoul/dl       dVvdw/dl
   -9.65979e+02    5.77229e+02

           Step           Time
          92000      184.00000

   Energies (kJ/mol)
        LJ (SR)  Disper. corr.   Coulomb (SR)   Coul. recip.      Potential
    2.16081e+03   -8.80089e+01   -1.62643e+04    8.89312e+01   -1.41026e+04
    Kinetic En.   Total Energy    Temperature Pres. DC (bar) Pressure (bar)
    2.59364e+03   -1.15089e+04    3.05377e+02   -1.40697e+02   -2.12572e+02
      dVcoul/dl       dVvdw/dl
   -8.57242e+02    4.01395e+02

           Step           Time
          93000      186.00000

   Energies (kJ/mol)
        LJ (SR)  Disper. corr.   Coulomb (SR)   Coul. recip.      Potential
    2.21667e+03   -8.67488e+01   -1.61723e+04    9.88890e+01   -1.39435e+04
    Kinetic En.   Total Energy    Temperature Pres. DC (bar) Pressure (bar)
    2.53607e+03   -1.14074e+04    2.98599e+02   -1.36697e+02    3.90526e+02
      dVcoul/dl       dVvdw/dl
   -8.89228e+02    3.88699e+02

           Step           Time
          94000      188.00000

   Energies (kJ/mol)
        LJ (SR)  Disper. corr.   Coulomb (SR)   Coul. recip.      Potential
    2.09217e+03   -8.74571e+01   -1.62550e+04    1.22133e+02   -1.41281e+04
    Kinetic En.   Total Energy    Temperature Pres. DC (bar) Pressure (bar)
    2.55459e+03   -1.15735e+04    3.00780e+02   -1.38939e+02   -5.38997e+02
      dVcoul/dl       dVvdw/dl
   -9.13362e+02    3.50611e+02

           Step           Time
          95000      190.00000

   Energies (kJ/mol)
        LJ (SR)  Disper. corr.   Coulomb (SR)   Coul. recip.      Potential
    2.17817e+03   -8.82469e+01   -1.62655e+04    1.08239e+02   -1.40673e+04
    Kinetic En.   Total Energy    Temperature Pres. DC (bar) Pressure (bar)
    2.55243e+03   -1.15149e+04    3.00525e+02   -1.41459e+02    6.28947e+01
      dVcoul/dl       dVvdw/dl
   -8.89746e+02    4.01611e+02

           Step           Time
          96000      192.00000

   Energies (kJ/mol)
        LJ (SR)  Disper. corr.   Coulomb (SR)   Coul. recip.      Potential
    2.16774e+03   -8.85823e+01   -1.61033e+04    9.28377e+01   -1.39313e+04
    Kinetic En.   Total Energy    Temperature Pres. DC (bar) Pressure (bar)
    2.45223e+03   -1.14791e+04    2.88728e+02   -1.42537e+02    2.39550e+02
      dVcoul/dl       dVvdw/dl
   -8.72196e+02    3.99992e+02

           Step           Time
          97000      194.00000

   Energies (kJ/mol)
        LJ (SR)  Disper. corr.   Coulomb (SR)   Coul. recip.      Potential
    2.05220e+03   -8.71483e+01   -1.61684e+04    9.49173e+01   -1.41085e+04
    Kinetic En.   Total Energy    Temperature Pres. DC (bar) Pressure (bar)
    2.60038e+03   -1.15081e+04    3.06171e+02   -1.37959e+02   -7.13811e+02
      dVcoul/dl       dVvdw/dl
   -8.54865e+02    2.66590e+02

           Step           Time
          98000      196.00000

   Energies (kJ/mol)
        LJ (SR)  Disper. corr.   Coulomb (SR)   Coul. recip.      Potential
    2.13491e+03   -8.78562e+01   -1.62182e+04    8.92990e+01   -1.40818e+04
    Kinetic En.   Total Energy    Temperature Pres. DC (bar) Pressure (bar)
    2.45766e+03   -1.16242e+04    2.89367e+02   -1.40210e+02   -2.53467e+02
      dVcoul/dl       dVvdw/dl
   -8.74932e+02    4.85906e+02

           Step           Time
          99000      198.00000

   Energies (kJ/mol)
        LJ (SR)  Disper. corr.   Coulomb (SR)   Coul. recip.      Potential
    2.29411e+03   -9.02067e+01   -1.65517e+04    8.06488e+01   -1.42671e+04
    Kinetic En.   Total Energy    Temperature Pres. DC (bar) Pressure (bar)
    2.61635e+03   -1.16508e+04    3.08051e+02   -1.47812e+02    9.45040e+02
      dVcoul/dl       dVvdw/dl
   -9.82122e+02    6.49482e+02

           Step           Time
         100000      200.00000

Writing checkpoint, step 100000 at Tue Feb  1 13:01:14 2022


   Energies (kJ/mol)
        LJ (SR)  Disper. corr.   Coulomb (SR)   Coul. recip.      Potential
    2.26237e+03   -8.69622e+01   -1.62136e+04    1.11638e+02   -1.39265e+04
    Kinetic En.   Total Energy    Temperature Pres. DC (bar) Pressure (bar)
    2.42228e+03   -1.15042e+04    2.85201e+02   -1.37371e+02    5.92164e+02
      dVcoul/dl       dVvdw/dl
   -8.49365e+02    2.79258e+02

	<======  ###############  ==>
	<====  A V E R A G E S  ====>
	<==  ###############  ======>

	Statistics over 100001 steps using 1001 frames

   Energies (kJ/mol)
        LJ (SR)  Disper. corr.   Coulomb (SR)   Coul. recip.      Potential
    2.14830e+03   -8.75645e+01   -1.61750e+04    1.00335e+02   -1.40139e+04
    Kinetic En.   Total Energy    Temperature Pres. DC (bar) Pressure (bar)
    2.56388e+03   -1.14500e+04    3.01874e+02   -1.39319e+02    2.85675e+00
      dVcoul/dl       dVvdw/dl
   -8.77996e+02    3.46461e+02

          Box-X          Box-Y          Box-Z
    2.18570e+00    2.18570e+00    2.18570e+00

   Total Virial (kJ/mol)
    8.49252e+02    1.11563e+01   -7.45476e+00
    1.11587e+01    8.56507e+02    2.92387e+00
   -7.45586e+00    2.92462e+00    8.59738e+02

   Pressure (bar)
    1.95626e+01   -3.55532e+01    2.85682e+01
   -3.55607e+01    1.52228e+00   -3.35607e+00
    2.85717e+01   -3.35902e+00   -1.25147e+01


       P P   -   P M E   L O A D   B A L A N C I N G

 NOTE: The PP/PME load balancing was limited by the box size,
       you might not have reached a good load balance.

 PP/PME load balancing changed the cut-off and PME settings:
           particle-particle                    PME
            rcoulomb  rlist            grid      spacing   1/beta
   initial  0.900 nm  0.909 nm      20  20  20   0.109 nm  0.327 nm
   final    0.900 nm  0.909 nm      20  20  20   0.109 nm  0.327 nm
 cost-ratio           1.00             1.00
 (note that these numbers concern only part of the total PP and PME load)


	M E G A - F L O P S   A C C O U N T I N G

 NB=Group-cutoff nonbonded kernels    NxN=N-by-N cluster Verlet kernels
 RF=Reaction-Field  VdW=Van der Waals  QSTab=quadratic-spline table
 W3=SPC/TIP3p  W4=TIP4p (single or pairs)
 V&F=Potential and force  V=Potential only  F=Force only

 Computing:                               M-Number         M-Flops  % Flops
-----------------------------------------------------------------------------
 NB Free energy kernel                25402.510116       25402.510     0.3
 Pair Search distance check             195.116000        1756.044     0.0
 NxN Ewald Elec. + LJ [F]             84519.790208     7860340.489    92.7
 NxN Ewald Elec. + LJ [V&F]             854.591296      108533.095     1.3
 Calc Weights                           306.603066       11037.710     0.1
 Spread Q Bspline                     13081.730816       26163.462     0.3
 Gather F Bspline                     13081.730816       78490.385     0.9
 3D-FFT                               41490.814904      331926.519     3.9
 Solve PME                               80.000800        5120.051     0.1
 Shift-X                                  2.556022          15.336     0.0
 Virial                                  10.671067         192.079     0.0
 Update                                 102.201022        3168.232     0.0
 Stop-CM                                  1.024044          10.240     0.0
 Calc-Ekin                               20.442044         551.935     0.0
 Constraint-V                           204.003060        1632.024     0.0
 Constraint-Vir                          10.201020         244.824     0.0
 Settle                                  68.001360       21964.439     0.3
-----------------------------------------------------------------------------
 Total                                                 8476549.376   100.0
-----------------------------------------------------------------------------


     R E A L   C Y C L E   A N D   T I M E   A C C O U N T I N G

On 1 MPI rank

 Computing:          Num   Num      Call    Wall time         Giga-Cycles
                     Ranks Threads  Count      (s)         total sum    %
-----------------------------------------------------------------------------
 Neighbor search        1    1       2501       3.201         11.523   3.9
 Launch GPU ops.        1    1     100001       2.766          9.957   3.3
 Force                  1    1     100001      19.704         70.934  23.8
 PME mesh               1    1     100001      38.792        139.649  46.8
 Wait GPU NB local      1    1     100001       8.713         31.366  10.5
 NB X/F buffer ops.     1    1     197501       0.751          2.702   0.9
 Write traj.            1    1          1       0.014          0.049   0.0
 Update                 1    1     200002       5.808         20.907   7.0
 Constraints            1    1     200004       2.290          8.244   2.8
 Rest                                           0.856          3.081   1.0
-----------------------------------------------------------------------------
 Total                                         82.893        298.412 100.0
-----------------------------------------------------------------------------
 Breakdown of PME mesh computation
-----------------------------------------------------------------------------
 PME spread             1    1     200002      10.330         37.189  12.5
 PME gather             1    1     200002      11.312         40.723  13.6
 PME 3D-FFT             1    1     400004       8.457         30.446  10.2
 PME solve Elec         1    1     200002       8.563         30.827  10.3
-----------------------------------------------------------------------------

               Core t (s)   Wall t (s)        (%)
       Time:       82.891       82.893      100.0
                 (ns/day)    (hour/ns)
Performance:      208.464        0.115
Finished mdrun on rank 0 Tue Feb  1 13:01:14 2022

